Linux ppepc158.physics.gla.ac.uk 2.6.18-348.16.1.el5 #1 SMP Tue Aug 20 14:41:55 CDT 2013 x86_64 x86_64 x86_64 GNU/Linux
INFO: This is the './configure' script.  You should only
INFO: run this once. The purpose of me is to:
INFO:
INFO:     1. Check that you have a compiler
INFO:     2. Check that you have Python
INFO:     3. Check your version of Python is supported
INFO:     4. Create a file called 'env.sh'
INFO:
INFO: $MAUS_ROOT_DIR set to /afs/phas.gla.ac.uk/user/j/jnugent/private/PhD_Year_1/Coding/MAUS_RELEASE/merge
INFO: $MAUS_THIRD_PARTY set to /data/neutrino04/common_SW/MICE/maus-v0.9.2
INFO:
INFO: Attempting to use third party libraries from  /data/neutrino04/common_SW/MICE/maus-v0.9.2

SUCCESS: Whenever you want to use MAUS, you must 'source'
SUCCESS: the environmental variables file.  For Bourne-
SUCCESS: compatible shells like 'bash', run:
SUCCESS:
SUCCESS:      source env.sh
SUCCESS:
SUCCESS: which can be added to your respective shell's
SUCCESS: startup scripts.  Example: ~/.bashrc for 'bash'.
INFO: Using third party libraries from /data/neutrino04/common_SW/MICE/maus-v0.9.2
MAUS web front-end directory: /data/neutrino04/common_SW/MICE/maus-v0.9.2/third_party/install/lib/maus-apps-0.2
    Database directory: /data/neutrino04/common_SW/MICE/maus-v0.9.2/third_party/install/lib/maus-apps-0.2/db
    Media directory: /data/neutrino04/common_SW/MICE/maus-v0.9.2/third_party/install/lib/maus-apps-0.2/media
    Media directory (raw images): /data/neutrino04/common_SW/MICE/maus-v0.9.2/third_party/install/lib/maus-apps-0.2/media/raw
SUCCESS: MAUS setup
1 beamline_fieldmaps_v1.tar.gz http://micewww.pp.rl.ac.uk/maus/beamline_fieldmaps_v1.tar.gz
INFO: Source archive doesn't exist.  Downloading...
--2015-01-29 18:58:57--  http://micewww.pp.rl.ac.uk/maus/beamline_fieldmaps_v1.tar.gz
Resolving micewww.pp.rl.ac.uk... 130.246.92.156
Connecting to micewww.pp.rl.ac.uk|130.246.92.156|:80... connected.
HTTP request sent, awaiting response... 200 OK
Length: 18861484 (18M) [application/x-gzip]
Saving to: `/afs/phas.gla.ac.uk/user/j/jnugent/private/PhD_Year_1/Coding/MAUS_RELEASE/merge/third_party/source/beamline_fieldmaps_v1.tar.gz'

     0K .......... .......... .......... .......... ..........  0%  565K 33s
    50K .......... .......... .......... .......... ..........  0% 1.09M 24s
   100K .......... .......... .......... .......... ..........  0% 1.08M 22s
   150K .......... .......... .......... .......... ..........  1% 2.07M 18s
   200K .......... .......... .......... .......... ..........  1% 2.10M 16s
   250K .......... .......... .......... .......... ..........  1% 2.00M 15s
   300K .......... .......... .......... .......... ..........  1% 2.04M 14s
   350K .......... .......... .......... .......... ..........  2% 55.5M 12s
   400K .......... .......... .......... .......... ..........  2% 2.08M 12s
   450K .......... .......... .......... .......... ..........  2% 1.97M 12s
   500K .......... .......... .......... .......... ..........  2% 2.22M 11s
   550K .......... .......... .......... .......... ..........  3% 63.9M 10s
   600K .......... .......... .......... .......... ..........  3% 2.09M 10s
   650K .......... .......... .......... .......... ..........  3% 59.7M 9s
   700K .......... .......... .......... .......... ..........  4% 35.9M 9s
   750K .......... .......... .......... .......... ..........  4% 2.08M 9s
   800K .......... .......... .......... .......... ..........  4% 48.6M 8s
   850K .......... .......... .......... .......... ..........  4% 79.8M 8s
   900K .......... .......... .......... .......... ..........  5% 2.09M 8s
   950K .......... .......... .......... .......... ..........  5% 61.7M 7s
  1000K .......... .......... .......... .......... ..........  5% 78.0M 7s
  1050K .......... .......... .......... .......... ..........  5% 79.4M 7s
  1100K .......... .......... .......... .......... ..........  6% 2.18M 7s
  1150K .......... .......... .......... .......... ..........  6% 36.6M 6s
  1200K .......... .......... .......... .......... ..........  6% 78.4M 6s
  1250K .......... .......... .......... .......... ..........  7% 77.4M 6s
  1300K .......... .......... .......... .......... ..........  7% 2.37M 6s
  1350K .......... .......... .......... .......... ..........  7% 2.15M 6s
  1400K .......... .......... .......... .......... ..........  7% 85.5M 6s
  1450K .......... .......... .......... .......... ..........  8% 71.6M 6s
  1500K .......... .......... .......... .......... ..........  8% 97.1M 5s
  1550K .......... .......... .......... .......... ..........  8%  117M 5s
  1600K .......... .......... .......... .......... ..........  8% 2.41M 5s
  1650K .......... .......... .......... .......... ..........  9% 69.4M 5s
  1700K .......... .......... .......... .......... ..........  9% 48.7M 5s
  1750K .......... .......... .......... .......... ..........  9% 2.53M 5s
  1800K .......... .......... .......... .......... .......... 10% 34.7M 5s
  1850K .......... .......... .......... .......... .......... 10% 91.4M 5s
  1900K .......... .......... .......... .......... .......... 10%  108M 5s
  1950K .......... .......... .......... .......... .......... 10% 2.56M 5s
  2000K .......... .......... .......... .......... .......... 11% 26.1M 4s
  2050K .......... .......... .......... .......... .......... 11% 85.5M 4s
  2100K .......... .......... .......... .......... .......... 11% 76.3M 4s
  2150K .......... .......... .......... .......... .......... 11% 85.1M 4s
  2200K .......... .......... .......... .......... .......... 12% 2.17M 4s
  2250K .......... .......... .......... .......... .......... 12% 59.8M 4s
  2300K .......... .......... .......... .......... .......... 12% 85.1M 4s
  2350K .......... .......... .......... .......... .......... 13% 87.2M 4s
  2400K .......... .......... .......... .......... .......... 13% 2.22M 4s
  2450K .......... .......... .......... .......... .......... 13% 32.7M 4s
  2500K .......... .......... .......... .......... .......... 13% 25.4M 4s
  2550K .......... .......... .......... .......... .......... 14% 92.3M 4s
  2600K .......... .......... .......... .......... .......... 14%  108M 4s
  2650K .......... .......... .......... .......... .......... 14% 2.38M 4s
  2700K .......... .......... .......... .......... .......... 14% 39.3M 4s
  2750K .......... .......... .......... .......... .......... 15% 32.9M 4s
  2800K .......... .......... .......... .......... .......... 15% 75.5M 3s
  2850K .......... .......... .......... .......... .......... 15% 2.44M 3s
  2900K .......... .......... .......... .......... .......... 16% 19.0M 3s
  2950K .......... .......... .......... .......... .......... 16% 40.0M 3s
  3000K .......... .......... .......... .......... .......... 16% 31.2M 3s
  3050K .......... .......... .......... .......... .......... 16% 55.1M 3s
  3100K .......... .......... .......... .......... .......... 17% 2.43M 3s
  3150K .......... .......... .......... .......... .......... 17% 44.1M 3s
  3200K .......... .......... .......... .......... .......... 17% 63.6M 3s
  3250K .......... .......... .......... .......... .......... 17% 66.3M 3s
  3300K .......... .......... .......... .......... .......... 18% 69.4M 3s
  3350K .......... .......... .......... .......... .......... 18% 2.45M 3s
  3400K .......... .......... .......... .......... .......... 18% 54.3M 3s
  3450K .......... .......... .......... .......... .......... 19% 61.0M 3s
  3500K .......... .......... .......... .......... .......... 19% 41.5M 3s
  3550K .......... .......... .......... .......... .......... 19% 3.05M 3s
  3600K .......... .......... .......... .......... .......... 19% 17.9M 3s
  3650K .......... .......... .......... .......... .......... 20% 26.2M 3s
  3700K .......... .......... .......... .......... .......... 20% 49.6M 3s
  3750K .......... .......... .......... .......... .......... 20% 45.5M 3s
  3800K .......... .......... .......... .......... .......... 20% 2.75M 3s
  3850K .......... .......... .......... .......... .......... 21% 17.7M 3s
  3900K .......... .......... .......... .......... .......... 21% 43.0M 3s
  3950K .......... .......... .......... .......... .......... 21% 81.8M 3s
  4000K .......... .......... .......... .......... .......... 21% 57.8M 3s
  4050K .......... .......... .......... .......... .......... 22% 2.51M 3s
  4100K .......... .......... .......... .......... .......... 22% 18.0M 3s
  4150K .......... .......... .......... .......... .......... 22% 61.3M 3s
  4200K .......... .......... .......... .......... .......... 23% 27.6M 3s
  4250K .......... .......... .......... .......... .......... 23% 62.9M 3s
  4300K .......... .......... .......... .......... .......... 23% 2.93M 3s
  4350K .......... .......... .......... .......... .......... 23% 17.0M 3s
  4400K .......... .......... .......... .......... .......... 24% 35.1M 3s
  4450K .......... .......... .......... .......... .......... 24% 24.8M 2s
  4500K .......... .......... .......... .......... .......... 24% 65.9M 2s
  4550K .......... .......... .......... .......... .......... 24% 2.50M 2s
  4600K .......... .......... .......... .......... .......... 25% 23.6M 2s
  4650K .......... .......... .......... .......... .......... 25% 36.5M 2s
  4700K .......... .......... .......... .......... .......... 25% 48.8M 2s
  4750K .......... .......... .......... .......... .......... 26% 46.4M 2s
  4800K .......... .......... .......... .......... .......... 26% 2.48M 2s
  4850K .......... .......... .......... .......... .......... 26% 29.3M 2s
  4900K .......... .......... .......... .......... .......... 26% 46.8M 2s
  4950K .......... .......... .......... .......... .......... 27% 36.2M 2s
  5000K .......... .......... .......... .......... .......... 27% 39.7M 2s
  5050K .......... .......... .......... .......... .......... 27% 2.67M 2s
  5100K .......... .......... .......... .......... .......... 27% 22.8M 2s
  5150K .......... .......... .......... .......... .......... 28% 39.8M 2s
  5200K .......... .......... .......... .......... .......... 28% 68.5M 2s
  5250K .......... .......... .......... .......... .......... 28% 3.03M 2s
  5300K .......... .......... .......... .......... .......... 29% 10.8M 2s
  5350K .......... .......... .......... .......... .......... 29% 22.0M 2s
  5400K .......... .......... .......... .......... .......... 29% 69.5M 2s
  5450K .......... .......... .......... .......... .......... 29% 55.2M 2s
  5500K .......... .......... .......... .......... .......... 30% 2.97M 2s
  5550K .......... .......... .......... .......... .......... 30% 10.2M 2s
  5600K .......... .......... .......... .......... .......... 30% 17.7M 2s
  5650K .......... .......... .......... .......... .......... 30% 83.8M 2s
  5700K .......... .......... .......... .......... .......... 31% 63.6M 2s
  5750K .......... .......... .......... .......... .......... 31% 3.20M 2s
  5800K .......... .......... .......... .......... .......... 31% 8.99M 2s
  5850K .......... .......... .......... .......... .......... 32% 12.9M 2s
  5900K .......... .......... .......... .......... .......... 32% 59.7M 2s
  5950K .......... .......... .......... .......... .......... 32% 78.5M 2s
  6000K .......... .......... .......... .......... .......... 32% 2.57M 2s
  6050K .......... .......... .......... .......... .......... 33% 75.8M 2s
  6100K .......... .......... .......... .......... .......... 33% 13.6M 2s
  6150K .......... .......... .......... .......... .......... 33% 35.2M 2s
  6200K .......... .......... .......... .......... .......... 33% 63.2M 2s
  6250K .......... .......... .......... .......... .......... 34% 2.59M 2s
  6300K .......... .......... .......... .......... .......... 34% 61.6M 2s
  6350K .......... .......... .......... .......... .......... 34% 15.5M 2s
  6400K .......... .......... .......... .......... .......... 35% 25.6M 2s
  6450K .......... .......... .......... .......... .......... 35% 76.7M 2s
  6500K .......... .......... .......... .......... .......... 35% 2.89M 2s
  6550K .......... .......... .......... .......... .......... 35% 46.3M 2s
  6600K .......... .......... .......... .......... .......... 36% 16.5M 2s
  6650K .......... .......... .......... .......... .......... 36% 7.99M 2s
  6700K .......... .......... .......... .......... .......... 36%  109M 2s
  6750K .......... .......... .......... .......... .......... 36% 3.54M 2s
  6800K .......... .......... .......... .......... .......... 37% 92.8M 2s
  6850K .......... .......... .......... .......... .......... 37% 15.8M 2s
  6900K .......... .......... .......... .......... .......... 37% 7.00M 2s
  6950K .......... .......... .......... .......... .......... 38% 80.4M 2s
  7000K .......... .......... .......... .......... .......... 38% 3.63M 2s
  7050K .......... .......... .......... .......... .......... 38% 82.8M 2s
  7100K .......... .......... .......... .......... .......... 38% 10.2M 2s
  7150K .......... .......... .......... .......... .......... 39% 9.74M 2s
  7200K .......... .......... .......... .......... .......... 39% 38.5M 2s
  7250K .......... .......... .......... .......... .......... 39% 3.76M 2s
  7300K .......... .......... .......... .......... .......... 39% 89.8M 2s
  7350K .......... .......... .......... .......... .......... 40% 13.1M 2s
  7400K .......... .......... .......... .......... .......... 40% 10.6M 2s
  7450K .......... .......... .......... .......... .......... 40% 25.4M 2s
  7500K .......... .......... .......... .......... .......... 40% 3.47M 2s
  7550K .......... .......... .......... .......... .......... 41% 24.0M 2s
  7600K .......... .......... .......... .......... .......... 41% 8.40M 2s
  7650K .......... .......... .......... .......... .......... 41% 32.7M 2s
  7700K .......... .......... .......... .......... .......... 42% 36.7M 2s
  7750K .......... .......... .......... .......... .......... 42% 3.91M 2s
  7800K .......... .......... .......... .......... .......... 42% 27.7M 2s
  7850K .......... .......... .......... .......... .......... 42% 7.39M 2s
  7900K .......... .......... .......... .......... .......... 43% 25.0M 2s
  7950K .......... .......... .......... .......... .......... 43% 28.9M 1s
  8000K .......... .......... .......... .......... .......... 43% 3.95M 1s
  8050K .......... .......... .......... .......... .......... 43% 31.7M 1s
  8100K .......... .......... .......... .......... .......... 44% 6.93M 1s
  8150K .......... .......... .......... .......... .......... 44% 21.2M 1s
  8200K .......... .......... .......... .......... .......... 44% 54.1M 1s
  8250K .......... .......... .......... .......... .......... 45% 4.03M 1s
  8300K .......... .......... .......... .......... .......... 45% 45.0M 1s
  8350K .......... .......... .......... .......... .......... 45% 7.48M 1s
  8400K .......... .......... .......... .......... .......... 45% 22.8M 1s
  8450K .......... .......... .......... .......... .......... 46% 52.4M 1s
  8500K .......... .......... .......... .......... .......... 46% 3.59M 1s
  8550K .......... .......... .......... .......... .......... 46% 57.0M 1s
  8600K .......... .......... .......... .......... .......... 46% 6.61M 1s
  8650K .......... .......... .......... .......... .......... 47% 29.8M 1s
  8700K .......... .......... .......... .......... .......... 47% 57.0M 1s
  8750K .......... .......... .......... .......... .......... 47% 3.87M 1s
  8800K .......... .......... .......... .......... .......... 48% 38.5M 1s
  8850K .......... .......... .......... .......... .......... 48% 7.64M 1s
  8900K .......... .......... .......... .......... .......... 48% 23.3M 1s
  8950K .......... .......... .......... .......... .......... 48% 8.28M 1s
  9000K .......... .......... .......... .......... .......... 49% 5.52M 1s
  9050K .......... .......... .......... .......... .......... 49% 39.1M 1s
  9100K .......... .......... .......... .......... .......... 49% 9.31M 1s
  9150K .......... .......... .......... .......... .......... 49% 17.9M 1s
  9200K .......... .......... .......... .......... .......... 50% 7.50M 1s
  9250K .......... .......... .......... .......... .......... 50% 4.85M 1s
  9300K .......... .......... .......... .......... .......... 50% 64.4M 1s
  9350K .......... .......... .......... .......... .......... 51% 11.9M 1s
  9400K .......... .......... .......... .......... .......... 51% 20.8M 1s
  9450K .......... .......... .......... .......... .......... 51% 8.29M 1s
  9500K .......... .......... .......... .......... .......... 51% 4.94M 1s
  9550K .......... .......... .......... .......... .......... 52% 39.2M 1s
  9600K .......... .......... .......... .......... .......... 52% 9.14M 1s
  9650K .......... .......... .......... .......... .......... 52% 18.3M 1s
  9700K .......... .......... .......... .......... .......... 52% 1.68M 1s
  9750K .......... .......... .......... .......... .......... 53% 88.0M 1s
  9800K .......... .......... .......... .......... .......... 53%  115M 1s
  9850K .......... .......... .......... .......... .......... 53%  108M 1s
  9900K .......... .......... .......... .......... .......... 54%  110M 1s
  9950K .......... .......... .......... .......... .......... 54%  111M 1s
 10000K .......... .......... .......... .......... .......... 54% 5.90M 1s
 10050K .......... .......... .......... .......... .......... 54% 13.3M 1s
 10100K .......... .......... .......... .......... .......... 55% 2.84M 1s
 10150K .......... .......... .......... .......... .......... 55% 51.7M 1s
 10200K .......... .......... .......... .......... .......... 55% 15.6M 1s
 10250K .......... .......... .......... .......... .......... 55% 5.29M 1s
 10300K .......... .......... .......... .......... .......... 56% 5.30M 1s
 10350K .......... .......... .......... .......... .......... 56% 45.2M 1s
 10400K .......... .......... .......... .......... .......... 56% 16.6M 1s
 10450K .......... .......... .......... .......... .......... 57% 48.6M 1s
 10500K .......... .......... .......... .......... .......... 57% 2.72M 1s
 10550K .......... .......... .......... .......... .......... 57% 26.5M 1s
 10600K .......... .......... .......... .......... .......... 57% 56.4M 1s
 10650K .......... .......... .......... .......... .......... 58% 19.4M 1s
 10700K .......... .......... .......... .......... .......... 58% 2.75M 1s
 10750K .......... .......... .......... .......... .......... 58% 19.2M 1s
 10800K .......... .......... .......... .......... .......... 58% 54.4M 1s
 10850K .......... .......... .......... .......... .......... 59% 17.7M 1s
 10900K .......... .......... .......... .......... .......... 59% 2.93M 1s
 10950K .......... .......... .......... .......... .......... 59% 22.6M 1s
 11000K .......... .......... .......... .......... .......... 59% 32.8M 1s
 11050K .......... .......... .......... .......... .......... 60% 22.4M 1s
 11100K .......... .......... .......... .......... .......... 60% 3.14M 1s
 11150K .......... .......... .......... .......... .......... 60% 11.4M 1s
 11200K .......... .......... .......... .......... .......... 61% 33.7M 1s
 11250K .......... .......... .......... .......... .......... 61% 23.6M 1s
 11300K .......... .......... .......... .......... .......... 61% 5.87M 1s
 11350K .......... .......... .......... .......... .......... 61% 3.90M 1s
 11400K .......... .......... .......... .......... .......... 62% 41.6M 1s
 11450K .......... .......... .......... .......... .......... 62% 31.2M 1s
 11500K .......... .......... .......... .......... .......... 62% 23.0M 1s
 11550K .......... .......... .......... .......... .......... 62% 2.83M 1s
 11600K .......... .......... .......... .......... .......... 63% 63.4M 1s
 11650K .......... .......... .......... .......... .......... 63% 30.0M 1s
 11700K .......... .......... .......... .......... .......... 63% 37.8M 1s
 11750K .......... .......... .......... .......... .......... 64% 2.53M 1s
 11800K .......... .......... .......... .......... .......... 64% 20.7M 1s
 11850K .......... .......... .......... .......... .......... 64% 42.4M 1s
 11900K .......... .......... .......... .......... .......... 64% 23.6M 1s
 11950K .......... .......... .......... .......... .......... 65% 4.86M 1s
 12000K .......... .......... .......... .......... .......... 65% 4.29M 1s
 12050K .......... .......... .......... .......... .......... 65% 32.1M 1s
 12100K .......... .......... .......... .......... .......... 65% 44.4M 1s
 12150K .......... .......... .......... .......... .......... 66% 41.9M 1s
 12200K .......... .......... .......... .......... .......... 66% 2.65M 1s
 12250K .......... .......... .......... .......... .......... 66% 63.7M 1s
 12300K .......... .......... .......... .......... .......... 67% 69.0M 1s
 12350K .......... .......... .......... .......... .......... 67% 18.5M 1s
 12400K .......... .......... .......... .......... .......... 67% 2.87M 1s
 12450K .......... .......... .......... .......... .......... 67% 15.4M 1s
 12500K .......... .......... .......... .......... .......... 68% 69.5M 1s
 12550K .......... .......... .......... .......... .......... 68% 22.2M 1s
 12600K .......... .......... .......... .......... .......... 68% 4.11M 1s
 12650K .......... .......... .......... .......... .......... 68% 4.77M 1s
 12700K .......... .......... .......... .......... .......... 69% 71.0M 1s
 12750K .......... .......... .......... .......... .......... 69% 20.9M 1s
 12800K .......... .......... .......... .......... .......... 69% 44.3M 1s
 12850K .......... .......... .......... .......... .......... 70% 2.50M 1s
 12900K .......... .......... .......... .......... .......... 70% 62.2M 1s
 12950K .......... .......... .......... .......... .......... 70% 38.7M 1s
 13000K .......... .......... .......... .......... .......... 70% 28.6M 1s
 13050K .......... .......... .......... .......... .......... 71% 3.10M 1s
 13100K .......... .......... .......... .......... .......... 71% 16.0M 1s
 13150K .......... .......... .......... .......... .......... 71% 71.2M 1s
 13200K .......... .......... .......... .......... .......... 71% 26.3M 1s
 13250K .......... .......... .......... .......... .......... 72% 5.35M 1s
 13300K .......... .......... .......... .......... .......... 72% 6.13M 1s
 13350K .......... .......... .......... .......... .......... 72% 63.0M 1s
 13400K .......... .......... .......... .......... .......... 73% 19.0M 1s
 13450K .......... .......... .......... .......... .......... 73% 32.7M 1s
 13500K .......... .......... .......... .......... .......... 73% 2.98M 1s
 13550K .......... .......... .......... .......... .......... 73% 40.4M 1s
 13600K .......... .......... .......... .......... .......... 74% 57.5M 1s
 13650K .......... .......... .......... .......... .......... 74% 13.6M 1s
 13700K .......... .......... .......... .......... .......... 74% 3.27M 1s
 13750K .......... .......... .......... .......... .......... 74% 14.9M 1s
 13800K .......... .......... .......... .......... .......... 75% 33.2M 1s
 13850K .......... .......... .......... .......... .......... 75% 18.8M 1s
 13900K .......... .......... .......... .......... .......... 75% 5.47M 1s
 13950K .......... .......... .......... .......... .......... 76% 5.55M 1s
 14000K .......... .......... .......... .......... .......... 76% 43.9M 1s
 14050K .......... .......... .......... .......... .......... 76% 22.4M 1s
 14100K .......... .......... .......... .......... .......... 76% 50.1M 1s
 14150K .......... .......... .......... .......... .......... 77% 2.69M 1s
 14200K .......... .......... .......... .......... .......... 77% 23.9M 1s
 14250K .......... .......... .......... .......... .......... 77% 78.9M 1s
 14300K .......... .......... .......... .......... .......... 77% 25.0M 1s
 14350K .......... .......... .......... .......... .......... 78% 3.12M 1s
 14400K .......... .......... .......... .......... .......... 78% 5.88M 1s
 14450K .......... .......... .......... .......... .......... 78% 58.4M 0s
 14500K .......... .......... .......... .......... .......... 78% 67.7M 0s
 14550K .......... .......... .......... .......... .......... 79% 6.39M 0s
 14600K .......... .......... .......... .......... .......... 79% 5.09M 0s
 14650K .......... .......... .......... .......... .......... 79% 8.92M 0s
 14700K .......... .......... .......... .......... .......... 80% 51.2M 0s
 14750K .......... .......... .......... .......... .......... 80% 60.2M 0s
 14800K .......... .......... .......... .......... .......... 80% 2.99M 0s
 14850K .......... .......... .......... .......... .......... 80% 3.84M 0s
 14900K .......... .......... .......... .......... .......... 81%  116M 0s
 14950K .......... .......... .......... .......... .......... 81%  113M 0s
 15000K .......... .......... .......... .......... .......... 81% 5.85M 0s
 15050K .......... .......... .......... .......... .......... 81% 3.29M 0s
 15100K .......... .......... .......... .......... .......... 82% 58.6M 0s
 15150K .......... .......... .......... .......... .......... 82% 70.6M 0s
 15200K .......... .......... .......... .......... .......... 82% 80.0M 0s
 15250K .......... .......... .......... .......... .......... 83% 2.36M 0s
 15300K .......... .......... .......... .......... .......... 83% 35.0M 0s
 15350K .......... .......... .......... .......... .......... 83% 67.1M 0s
 15400K .......... .......... .......... .......... .......... 83% 83.0M 0s
 15450K .......... .......... .......... .......... .......... 84% 5.50M 0s
 15500K .......... .......... .......... .......... .......... 84% 3.66M 0s
 15550K .......... .......... .......... .......... .......... 84% 58.3M 0s
 15600K .......... .......... .......... .......... .......... 84% 87.3M 0s
 15650K .......... .......... .......... .......... .......... 85% 20.9M 0s
 15700K .......... .......... .......... .......... .......... 85% 2.24M 0s
 15750K .......... .......... .......... .......... .......... 85% 61.4M 0s
 15800K .......... .......... .......... .......... .......... 86% 70.4M 0s
 15850K .......... .......... .......... .......... .......... 86% 97.1M 0s
 15900K .......... .......... .......... .......... .......... 86% 2.52M 0s
 15950K .......... .......... .......... .......... .......... 86% 14.6M 0s
 16000K .......... .......... .......... .......... .......... 87% 39.7M 0s
 16050K .......... .......... .......... .......... .......... 87% 58.2M 0s
 16100K .......... .......... .......... .......... .......... 87% 36.2M 0s
 16150K .......... .......... .......... .......... .......... 87% 2.52M 0s
 16200K .......... .......... .......... .......... .......... 88% 52.4M 0s
 16250K .......... .......... .......... .......... .......... 88% 91.1M 0s
 16300K .......... .......... .......... .......... .......... 88% 60.1M 0s
 16350K .......... .......... .......... .......... .......... 89% 2.25M 0s
 16400K .......... .......... .......... .......... .......... 89% 40.9M 0s
 16450K .......... .......... .......... .......... .......... 89% 80.2M 0s
 16500K .......... .......... .......... .......... .......... 89% 34.9M 0s
 16550K .......... .......... .......... .......... .......... 90% 12.8M 0s
 16600K .......... .......... .......... .......... .......... 90% 2.83M 0s
 16650K .......... .......... .......... .......... .......... 90% 59.5M 0s
 16700K .......... .......... .......... .......... .......... 90% 36.9M 0s
 16750K .......... .......... .......... .......... .......... 91% 55.5M 0s
 16800K .......... .......... .......... .......... .......... 91% 2.28M 0s
 16850K .......... .......... .......... .......... .......... 91% 27.8M 0s
 16900K .......... .......... .......... .......... .......... 92% 84.8M 0s
 16950K .......... .......... .......... .......... .......... 92% 39.3M 0s
 17000K .......... .......... .......... .......... .......... 92% 12.3M 0s
 17050K .......... .......... .......... .......... .......... 92% 2.95M 0s
 17100K .......... .......... .......... .......... .......... 93% 48.1M 0s
 17150K .......... .......... .......... .......... .......... 93% 43.0M 0s
 17200K .......... .......... .......... .......... .......... 93% 84.3M 0s
 17250K .......... .......... .......... .......... .......... 93% 2.41M 0s
 17300K .......... .......... .......... .......... .......... 94% 29.0M 0s
 17350K .......... .......... .......... .......... .......... 94% 89.4M 0s
 17400K .......... .......... .......... .......... .......... 94% 84.9M 0s
 17450K .......... .......... .......... .......... .......... 95% 8.00M 0s
 17500K .......... .......... .......... .......... .......... 95% 3.09M 0s
 17550K .......... .......... .......... .......... .......... 95% 96.9M 0s
 17600K .......... .......... .......... .......... .......... 95% 45.3M 0s
 17650K .......... .......... .......... .......... .......... 96% 94.6M 0s
 17700K .......... .......... .......... .......... .......... 96% 2.28M 0s
 17750K .......... .......... .......... .......... .......... 96% 26.9M 0s
 17800K .......... .......... .......... .......... .......... 96% 75.5M 0s
 17850K .......... .......... .......... .......... .......... 97% 69.5M 0s
 17900K .......... .......... .......... .......... .......... 97% 6.80M 0s
 17950K .......... .......... .......... .......... .......... 97% 3.03M 0s
 18000K .......... .......... .......... .......... .......... 97% 86.4M 0s
 18050K .......... .......... .......... .......... .......... 98% 84.9M 0s
 18100K .......... .......... .......... .......... .......... 98% 98.2M 0s
 18150K .......... .......... .......... .......... .......... 98% 2.47M 0s
 18200K .......... .......... .......... .......... .......... 99% 19.6M 0s
 18250K .......... .......... .......... .......... .......... 99% 75.6M 0s
 18300K .......... .......... .......... .......... .......... 99% 81.5M 0s
 18350K .......... .......... .......... .......... .......... 99% 3.15M 0s
 18400K .......... .........                                  100% 6.62M=2.3s

2015-01-29 18:58:59 (7.88 MB/s) - `/afs/phas.gla.ac.uk/user/j/jnugent/private/PhD_Year_1/Coding/MAUS_RELEASE/merge/third_party/source/beamline_fieldmaps_v1.tar.gz' saved [18861484/18861484]

INFO: Source archive exists.

INFO: Checking MD5 checksum (otherwise the file didn't
INFO: download properly):

beamline_fieldmaps_v1.tar.gz: OK

INFO: Unpacking:

B1_6inch.table
B2_6inch.table

INFO: The package should be locally installed now in your
INFO: FILES directory, which the rest of MAUS will find
scons: Reading SConscript files ...
Checking whether the C++ compiler worksyes
Checking for C++ library json... no
ERROR: Couldn't find jsoncpp.
scons: Reading SConscript files ...
Checking whether the C++ compiler worksyes
Checking for C++ library json... no
ERROR: Couldn't find jsoncpp.
FAIL! See logs.x
